[1002/141528.341:ERROR:process_reader_win.cc(142)] SuspendThread: 拒绝访问。 (0x5)
[1002/141528.345:ERROR:process_reader_win.cc(142)] SuspendThread: 拒绝访问。 (0x5)
[1002/141528.345:ERROR:process_reader_win.cc(142)] SuspendThread: 拒绝访问。 (0x5)
[1002/141528.345:ERROR:process_reader_win.cc(142)] SuspendThread: 拒绝访问。 (0x5)
[1002/141528.345:ERROR:process_reader_win.cc(142)] SuspendThread: 拒绝访问。 (0x5)
[1002/141528.345:ERROR:process_reader_win.cc(142)] SuspendThread: 拒绝访问。 (0x5)
[1002/141528.345:ERROR:process_reader_win.cc(142)] SuspendThread: 拒绝访问。 (0x5)
[1002/141528.345:ERROR:process_reader_win.cc(142)] SuspendThread: 拒绝访问。 (0x5)
[1002/141528.345:ERROR:process_reader_win.cc(142)] SuspendThread: 拒绝访问。 (0x5)
[1002/141528.346:ERROR:process_reader_win.cc(142)] SuspendThread: 拒绝访问。 (0x5)
[1002/141528.346:ERROR:process_reader_win.cc(142)] SuspendThread: 拒绝访问。 (0x5)
[1002/141528.422:ERROR:process_reader_win.cc(233)] ReadMemory at 0x60a0048 of 32768 bytes failed: 仅完成部分的 ReadProcessMemory 或 WriteProcessMemory 请求。 (0x12B)
[1002/141528.422:WARNING:pe_image_annotations_reader.cc(65)] could not read simple annotations from C:\Program Files (x86)\Google\Chrome\Application\57.0.2987.133\chrome_elf.dll
[1002/141528.633:ERROR:process_reader_win.cc(142)] SuspendThread: 拒绝访问。 (0x5)
[1002/141528.633:ERROR:process_reader_win.cc(142)] SuspendThread: 拒绝访问。 (0x5)
[1002/141528.633:ERROR:process_reader_win.cc(142)] SuspendThread: 拒绝访问。 (0x5)
[1002/141528.633:ERROR:process_reader_win.cc(142)] SuspendThread: 拒绝访问。 (0x5)
[1002/141528.633:ERROR:process_reader_win.cc(142)] SuspendThread: 拒绝访问。 (0x5)
[1002/141528.633:ERROR:process_reader_win.cc(142)] SuspendThread: 拒绝访问。 (0x5)
[1002/141528.634:ERROR:process_reader_win.cc(142)] SuspendThread: 拒绝访问。 (0x5)
[1002/141528.634:ERROR:process_reader_win.cc(142)] SuspendThread: 拒绝访问。 (0x5)
[1002/141528.726:ERROR:process_reader_win.cc(233)] ReadMemory at 0x5e70048 of 32768 bytes failed: 仅完成部分的 ReadProcessMemory 或 WriteProcessMemory 请求。 (0x12B)
[1002/141528.727:WARNING:pe_image_annotations_reader.cc(65)] could not read simple annotations from C:\Program Files (x86)\Google\Chrome\Application\57.0.2987.133\chrome_elf.dll
[1002/141528.832:ERROR:process_reader_win.cc(233)] ReadMemory at 0x4ef3000 of 53248 bytes failed: 仅完成部分的 ReadProcessMemory 或 WriteProcessMemory 请求。 (0x12B)
[1002/141528.832:ERROR:crash_report_exception_handler.cc(111)] WriteEverything failed
[1002/141528.835:ERROR:scoped_process_suspend.cc(38)] NtResumeProcess: 已尝试访问正在退出的过程。  (0xc000010a)
[1002/142317.450:ERROR:process_reader_win.cc(142)] SuspendThread: 拒绝访问。 (0x5)
[1002/142317.453:ERROR:process_reader_win.cc(142)] SuspendThread: 拒绝访问。 (0x5)
[1002/142317.453:ERROR:process_reader_win.cc(142)] SuspendThread: 拒绝访问。 (0x5)
[1002/142317.453:ERROR:process_reader_win.cc(142)] SuspendThread: 拒绝访问。 (0x5)
[1002/142317.453:ERROR:process_reader_win.cc(142)] SuspendThread: 拒绝访问。 (0x5)
[1002/142317.453:ERROR:process_reader_win.cc(142)] SuspendThread: 拒绝访问。 (0x5)
[1002/142317.453:ERROR:process_reader_win.cc(142)] SuspendThread: 拒绝访问。 (0x5)
[1002/142317.453:ERROR:process_reader_win.cc(142)] SuspendThread: 拒绝访问。 (0x5)
[1002/142317.453:ERROR:process_reader_win.cc(142)] SuspendThread: 拒绝访问。 (0x5)
[1002/142317.505:ERROR:process_reader_win.cc(233)] ReadMemory at 0x62a0048 of 32768 bytes failed: 仅完成部分的 ReadProcessMemory 或 WriteProcessMemory 请求。 (0x12B)
[1002/142317.505:WARNING:pe_image_annotations_reader.cc(65)] could not read simple annotations from C:\Program Files (x86)\Google\Chrome\Application\57.0.2987.133\chrome_elf.dll
[1002/142317.731:ERROR:process_reader_win.cc(142)] SuspendThread: 拒绝访问。 (0x5)
[1002/142317.731:ERROR:process_reader_win.cc(142)] SuspendThread: 拒绝访问。 (0x5)
[1002/142317.731:ERROR:process_reader_win.cc(142)] SuspendThread: 拒绝访问。 (0x5)
[1002/142317.731:ERROR:process_reader_win.cc(142)] SuspendThread: 拒绝访问。 (0x5)
[1002/142317.731:ERROR:process_reader_win.cc(142)] SuspendThread: 拒绝访问。 (0x5)
[1002/142317.731:ERROR:process_reader_win.cc(142)] SuspendThread: 拒绝访问。 (0x5)
[1002/142317.731:ERROR:process_reader_win.cc(142)] SuspendThread: 拒绝访问。 (0x5)
[1002/142317.731:ERROR:process_reader_win.cc(142)] SuspendThread: 拒绝访问。 (0x5)
[1002/142317.731:ERROR:process_reader_win.cc(142)] SuspendThread: 拒绝访问。 (0x5)
[1002/142317.731:ERROR:process_reader_win.cc(142)] SuspendThread: 拒绝访问。 (0x5)
[1002/142317.800:ERROR:process_reader_win.cc(233)] ReadMemory at 0x5730048 of 32768 bytes failed: 仅完成部分的 ReadProcessMemory 或 WriteProcessMemory 请求。 (0x12B)
[1002/142317.800:WARNING:pe_image_annotations_reader.cc(65)] could not read simple annotations from C:\Program Files (x86)\Google\Chrome\Application\57.0.2987.133\chrome_elf.dll
